app/build/intermediates/manifest_merge_blame_file/debug/processDebugMainManifest/manifest-merger-blame-debug-report.txt
1<?xml version="1.0" encoding="utf-8"?>
2<manifest xmlns:android="http://schemas.android.com/apk/res/android"
3    package="com.floracare.app"
4    android:versionCode="1"
5    android:versionName="0.1.0" >
6
7    <uses-sdk
8        android:minSdkVersion="26"
9        android:targetSdkVersion="34" />
10
11    <uses-permission android:name="android.permission.INTERNET" />
11-->src/main/AndroidManifest.xml:5:5-67
11-->src/main/AndroidManifest.xml:5:22-64
12    <uses-permission android:name="android.permission.ACCESS_NETWORK_STATE" />
12-->src/main/AndroidManifest.xml:6:5-79
12-->src/main/AndroidManifest.xml:6:22-76
13    <uses-permission android:name="android.permission.CAMERA" />
13-->src/main/AndroidManifest.xml:7:5-65
13-->src/main/AndroidManifest.xml:7:22-62
14    <uses-permission android:name="android.permission.POST_NOTIFICATIONS" />
14-->src/main/AndroidManifest.xml:8:5-77
14-->src/main/AndroidManifest.xml:8:22-74
15    <uses-permission android:name="android.permission.ACCESS_COARSE_LOCATION" />
15-->src/main/AndroidManifest.xml:9:5-81
15-->src/main/AndroidManifest.xml:9:22-78
16    <uses-permission android:name="android.permission.ACCESS_FINE_LOCATION" />
16-->src/main/AndroidManifest.xml:10:5-79
16-->src/main/AndroidManifest.xml:10:22-76
17    <uses-permission android:name="android.permission.RECEIVE_BOOT_COMPLETED" />
17-->src/main/AndroidManifest.xml:11:5-81
17-->src/main/AndroidManifest.xml:11:22-78
18
19    <uses-feature
19-->src/main/AndroidManifest.xml:13:5-85
20        android:name="android.hardware.camera"
20-->src/main/AndroidManifest.xml:13:19-57
21        android:required="false" />
21-->src/main/AndroidManifest.xml:13:58-82
22
23    <uses-permission android:name="android.permission.WAKE_LOCK" />
23-->[androidx.work:work-runtime:2.10.0] AndroidManifest.xml:23:5-68
23-->[androidx.work:work-runtime:2.10.0] AndroidManifest.xml:23:22-65
24    <uses-permission android:name="android.permission.FOREGROUND_SERVICE" />
24-->[androidx.work:work-runtime:2.10.0] AndroidManifest.xml:26:5-77
24-->[androidx.work:work-runtime:2.10.0] AndroidManifest.xml:26:22-74
25
26    <permission
26-->[androidx.core:core:1.15.0] AndroidManifest.xml:22:5-24:47
27        android:name="com.floracare.app.DYNAMIC_RECEIVER_NOT_EXPORTED_PERMISSION"
27-->[androidx.core:core:1.15.0] AndroidManifest.xml:23:9-81
28        android:protectionLevel="signature" />
28-->[androidx.core:core:1.15.0] AndroidManifest.xml:24:9-44
29
30    <uses-permission android:name="com.floracare.app.DYNAMIC_RECEIVER_NOT_EXPORTED_PERMISSION" />
30-->[androidx.core:core:1.15.0] AndroidManifest.xml:26:5-97
30-->[androidx.core:core:1.15.0] AndroidManifest.xml:26:22-94
31
32    <application
32-->src/main/AndroidManifest.xml:15:5-55:19
33        android:name="com.floracare.app.FloraCareApp"
33-->src/main/AndroidManifest.xml:16:9-37
34        android:allowBackup="true"
34-->src/main/AndroidManifest.xml:17:9-35
35        android:appComponentFactory="androidx.core.app.CoreComponentFactory"
35-->[androidx.core:core:1.15.0] AndroidManifest.xml:28:18-86
36        android:dataExtractionRules="@xml/data_extraction_rules"
36-->src/main/AndroidManifest.xml:18:9-65
37        android:debuggable="true"
38        android:extractNativeLibs="false"
39        android:fullBackupContent="@xml/backup_rules"
39-->src/main/AndroidManifest.xml:19:9-54
40        android:icon="@mipmap/ic_launcher"
40-->src/main/AndroidManifest.xml:20:9-43
41        android:label="@string/app_name"
41-->src/main/AndroidManifest.xml:21:9-41
42        android:roundIcon="@mipmap/ic_launcher_round"
42-->src/main/AndroidManifest.xml:22:9-54
43        android:supportsRtl="true"
43-->src/main/AndroidManifest.xml:23:9-35
44        android:theme="@style/Theme.FloraCare" >
44-->src/main/AndroidManifest.xml:24:9-47
45        <activity
45-->src/main/AndroidManifest.xml:26:9-34:20
46            android:name="com.floracare.app.MainActivity"
46-->src/main/AndroidManifest.xml:27:13-41
47            android:exported="true"
47-->src/main/AndroidManifest.xml:28:13-36
48            android:theme="@style/Theme.FloraCare" >
48-->src/main/AndroidManifest.xml:29:13-51
49            <intent-filter>
49-->src/main/AndroidManifest.xml:30:13-33:29
50                <action android:name="android.intent.action.MAIN" />
50-->src/main/AndroidManifest.xml:31:17-69
50-->src/main/AndroidManifest.xml:31:25-66
51
52                <category android:name="android.intent.category.LAUNCHER" />
52-->src/main/AndroidManifest.xml:32:17-77
52-->src/main/AndroidManifest.xml:32:27-74
53            </intent-filter>
54        </activity>
55
56        <receiver
56-->src/main/AndroidManifest.xml:36:9-38:40
57            android:name="com.floracare.app.data.worker.NotificationActionReceiver"
57-->src/main/AndroidManifest.xml:37:13-67
58            android:exported="false" />
58-->src/main/AndroidManifest.xml:38:13-37
59        <receiver
59-->src/main/AndroidManifest.xml:40:9-49:20
60            android:name="com.floracare.app.widget.TodayTasksWidgetReceiver"
60-->src/main/AndroidManifest.xml:41:13-60
61            android:exported="false" >
61-->src/main/AndroidManifest.xml:42:13-37
62            <intent-filter>
62-->src/main/AndroidManifest.xml:43:13-45:29
63                <action android:name="android.appwidget.action.APPWIDGET_UPDATE" />
63-->src/main/AndroidManifest.xml:44:17-84
63-->src/main/AndroidManifest.xml:44:25-81
64            </intent-filter>
65
66            <meta-data
66-->src/main/AndroidManifest.xml:46:13-48:67
67                android:name="android.appwidget.provider"
67-->src/main/AndroidManifest.xml:47:17-58
68                android:resource="@xml/today_tasks_widget_info" />
68-->src/main/AndroidManifest.xml:48:17-64
69        </receiver>
70
71        <activity
71-->[androidx.glance:glance-appwidget:1.1.1] AndroidManifest.xml:23:9-28:62
72            android:name="androidx.glance.appwidget.action.ActionTrampolineActivity"
72-->[androidx.glance:glance-appwidget:1.1.1] AndroidManifest.xml:24:13-85
73            android:enabled="true"
73-->[androidx.glance:glance-appwidget:1.1.1] AndroidManifest.xml:25:13-35
74            android:excludeFromRecents="true"
74-->[androidx.glance:glance-appwidget:1.1.1] AndroidManifest.xml:26:13-46
75            android:exported="false"
75-->[androidx.glance:glance-appwidget:1.1.1] AndroidManifest.xml:27:13-37
76            android:theme="@android:style/Theme.NoDisplay" />
76-->[androidx.glance:glance-appwidget:1.1.1] AndroidManifest.xml:28:13-59
77        <activity
77-->[androidx.glance:glance-appwidget:1.1.1] AndroidManifest.xml:29:9-36:81
78            android:name="androidx.glance.appwidget.action.InvisibleActionTrampolineActivity"
78-->[androidx.glance:glance-appwidget:1.1.1] AndroidManifest.xml:30:13-94
79            android:enabled="true"
79-->[androidx.glance:glance-appwidget:1.1.1] AndroidManifest.xml:31:13-35
80            android:exported="false"
80-->[androidx.glance:glance-appwidget:1.1.1] AndroidManifest.xml:32:13-37
81            android:launchMode="singleInstance"
81-->[androidx.glance:glance-appwidget:1.1.1] AndroidManifest.xml:33:13-48
82            android:noHistory="true"
82-->[androidx.glance:glance-appwidget:1.1.1] AndroidManifest.xml:34:13-37
83            android:taskAffinity="androidx.glance.appwidget.ListAdapterCallbackTrampoline"
83-->[androidx.glance:glance-appwidget:1.1.1] AndroidManifest.xml:35:13-91
84            android:theme="@style/Widget.Glance.AppWidget.CallbackTrampoline" />
84-->[androidx.glance:glance-appwidget:1.1.1] AndroidManifest.xml:36:13-78
85
86        <receiver
86-->[androidx.glance:glance-appwidget:1.1.1] AndroidManifest.xml:38:9-41:40
87            android:name="androidx.glance.appwidget.action.ActionCallbackBroadcastReceiver"
87-->[androidx.glance:glance-appwidget:1.1.1] AndroidManifest.xml:39:13-92
88            android:enabled="true"
88-->[androidx.glance:glance-appwidget:1.1.1] AndroidManifest.xml:40:13-35
89            android:exported="false" />
89-->[androidx.glance:glance-appwidget:1.1.1] AndroidManifest.xml:41:13-37
90        <receiver
90-->[androidx.glance:glance-appwidget:1.1.1] AndroidManifest.xml:42:9-45:40
91            android:name="androidx.glance.appwidget.UnmanagedSessionReceiver"
91-->[androidx.glance:glance-appwidget:1.1.1] AndroidManifest.xml:43:13-78
92            android:enabled="true"
92-->[androidx.glance:glance-appwidget:1.1.1] AndroidManifest.xml:44:13-35
93            android:exported="false" />
93-->[androidx.glance:glance-appwidget:1.1.1] AndroidManifest.xml:45:13-37
94        <receiver
94-->[androidx.glance:glance-appwidget:1.1.1] AndroidManifest.xml:46:9-53:20
95            android:name="androidx.glance.appwidget.MyPackageReplacedReceiver"
95-->[androidx.glance:glance-appwidget:1.1.1] AndroidManifest.xml:47:13-79
96            android:enabled="true"
96-->[androidx.glance:glance-appwidget:1.1.1] AndroidManifest.xml:48:13-35
97            android:exported="false" >
97-->[androidx.glance:glance-appwidget:1.1.1] AndroidManifest.xml:49:13-37
98            <intent-filter>
98-->[androidx.glance:glance-appwidget:1.1.1] AndroidManifest.xml:50:13-52:29
99                <action android:name="android.intent.action.MY_PACKAGE_REPLACED" />
99-->[androidx.glance:glance-appwidget:1.1.1] AndroidManifest.xml:51:17-84
99-->[androidx.glance:glance-appwidget:1.1.1] AndroidManifest.xml:51:25-81
100            </intent-filter>
101        </receiver>
102
103        <service
103-->[androidx.glance:glance-appwidget:1.1.1] AndroidManifest.xml:55:9-58:72
104            android:name="androidx.glance.appwidget.GlanceRemoteViewsService"
104-->[androidx.glance:glance-appwidget:1.1.1] AndroidManifest.xml:56:13-78
105            android:exported="true"
105-->[androidx.glance:glance-appwidget:1.1.1] AndroidManifest.xml:57:13-36
106            android:permission="android.permission.BIND_REMOTEVIEWS" />
106-->[androidx.glance:glance-appwidget:1.1.1] AndroidManifest.xml:58:13-69
107        <service
107-->[androidx.camera:camera-camera2:1.4.1] AndroidManifest.xml:24:9-33:19
108            android:name="androidx.camera.core.impl.MetadataHolderService"
108-->[androidx.camera:camera-camera2:1.4.1] AndroidManifest.xml:25:13-75
109            android:enabled="false"
109-->[androidx.camera:camera-camera2:1.4.1] AndroidManifest.xml:26:13-36
110            android:exported="false" >
110-->[androidx.camera:camera-camera2:1.4.1] AndroidManifest.xml:27:13-37
111            <meta-data
111-->[androidx.camera:camera-camera2:1.4.1] AndroidManifest.xml:30:13-32:89
112                android:name="androidx.camera.core.impl.MetadataHolderService.DEFAULT_CONFIG_PROVIDER"
112-->[androidx.camera:camera-camera2:1.4.1] AndroidManifest.xml:31:17-103
113                android:value="androidx.camera.camera2.Camera2Config$DefaultProvider" />
113-->[androidx.camera:camera-camera2:1.4.1] AndroidManifest.xml:32:17-86
114        </service>
115        <service
115-->[androidx.work:work-runtime:2.10.0] AndroidManifest.xml:39:9-45:35
116            android:name="androidx.work.impl.background.systemalarm.SystemAlarmService"
116-->[androidx.work:work-runtime:2.10.0] AndroidManifest.xml:40:13-88
117            android:directBootAware="false"
117-->[androidx.work:work-runtime:2.10.0] AndroidManifest.xml:41:13-44
118            android:enabled="@bool/enable_system_alarm_service_default"
118-->[androidx.work:work-runtime:2.10.0] AndroidManifest.xml:42:13-72
119            android:exported="false" />
119-->[androidx.work:work-runtime:2.10.0] AndroidManifest.xml:43:13-37
120        <service
120-->[androidx.work:work-runtime:2.10.0] AndroidManifest.xml:46:9-52:35
121            android:name="androidx.work.impl.background.systemjob.SystemJobService"
121-->[androidx.work:work-runtime:2.10.0] AndroidManifest.xml:47:13-84
122            android:directBootAware="false"
122-->[androidx.work:work-runtime:2.10.0] AndroidManifest.xml:48:13-44
123            android:enabled="@bool/enable_system_job_service_default"
123-->[androidx.work:work-runtime:2.10.0] AndroidManifest.xml:49:13-70
124            android:exported="true"
124-->[androidx.work:work-runtime:2.10.0] AndroidManifest.xml:50:13-36
125            android:permission="android.permission.BIND_JOB_SERVICE" />
125-->[androidx.work:work-runtime:2.10.0] AndroidManifest.xml:51:13-69
126        <service
126-->[androidx.work:work-runtime:2.10.0] AndroidManifest.xml:53:9-59:35
127            android:name="androidx.work.impl.foreground.SystemForegroundService"
127-->[androidx.work:work-runtime:2.10.0] AndroidManifest.xml:54:13-81
128            android:directBootAware="false"
128-->[androidx.work:work-runtime:2.10.0] AndroidManifest.xml:55:13-44
129            android:enabled="@bool/enable_system_foreground_service_default"
129-->[androidx.work:work-runtime:2.10.0] AndroidManifest.xml:56:13-77
130            android:exported="false" />
130-->[androidx.work:work-runtime:2.10.0] AndroidManifest.xml:57:13-37
131
132        <receiver
132-->[androidx.work:work-runtime:2.10.0] AndroidManifest.xml:61:9-66:35
133            android:name="androidx.work.impl.utils.ForceStopRunnable$BroadcastReceiver"
133-->[androidx.work:work-runtime:2.10.0] AndroidManifest.xml:62:13-88
134            android:directBootAware="false"
134-->[androidx.work:work-runtime:2.10.0] AndroidManifest.xml:63:13-44
135            android:enabled="true"
135-->[androidx.work:work-runtime:2.10.0] AndroidManifest.xml:64:13-35
136            android:exported="false" />
136-->[androidx.work:work-runtime:2.10.0] AndroidManifest.xml:65:13-37
137        <receiver
137-->[androidx.work:work-runtime:2.10.0] AndroidManifest.xml:67:9-77:20
138            android:name="androidx.work.impl.background.systemalarm.ConstraintProxy$BatteryChargingProxy"
138-->[androidx.work:work-runtime:2.10.0] AndroidManifest.xml:68:13-106
139            android:directBootAware="false"
139-->[androidx.work:work-runtime:2.10.0] AndroidManifest.xml:69:13-44
140            android:enabled="false"
140-->[androidx.work:work-runtime:2.10.0] AndroidManifest.xml:70:13-36
141            android:exported="false" >
141-->[androidx.work:work-runtime:2.10.0] AndroidManifest.xml:71:13-37
142            <intent-filter>
142-->[androidx.work:work-runtime:2.10.0] AndroidManifest.xml:73:13-76:29
143                <action android:name="android.intent.action.ACTION_POWER_CONNECTED" />
143-->[androidx.work:work-runtime:2.10.0] AndroidManifest.xml:74:17-87
143-->[androidx.work:work-runtime:2.10.0] AndroidManifest.xml:74:25-84
144                <action android:name="android.intent.action.ACTION_POWER_DISCONNECTED" />
144-->[androidx.work:work-runtime:2.10.0] AndroidManifest.xml:75:17-90
144-->[androidx.work:work-runtime:2.10.0] AndroidManifest.xml:75:25-87
145            </intent-filter>
146        </receiver>
147        <receiver
147-->[androidx.work:work-runtime:2.10.0] AndroidManifest.xml:78:9-88:20
148            android:name="androidx.work.impl.background.systemalarm.ConstraintProxy$BatteryNotLowProxy"
148-->[androidx.work:work-runtime:2.10.0] AndroidManifest.xml:79:13-104
149            android:directBootAware="false"
149-->[androidx.work:work-runtime:2.10.0] AndroidManifest.xml:80:13-44
150            android:enabled="false"
150-->[androidx.work:work-runtime:2.10.0] AndroidManifest.xml:81:13-36
151            android:exported="false" >
151-->[androidx.work:work-runtime:2.10.0] AndroidManifest.xml:82:13-37
152            <intent-filter>
152-->[androidx.work:work-runtime:2.10.0] AndroidManifest.xml:84:13-87:29
153                <action android:name="android.intent.action.BATTERY_OKAY" />
153-->[androidx.work:work-runtime:2.10.0] AndroidManifest.xml:85:17-77
153-->[androidx.work:work-runtime:2.10.0] AndroidManifest.xml:85:25-74
154                <action android:name="android.intent.action.BATTERY_LOW" />
154-->[androidx.work:work-runtime:2.10.0] AndroidManifest.xml:86:17-76
154-->[androidx.work:work-runtime:2.10.0] AndroidManifest.xml:86:25-73
155            </intent-filter>
156        </receiver>
157        <receiver
157-->[androidx.work:work-runtime:2.10.0] AndroidManifest.xml:89:9-99:20
158            android:name="androidx.work.impl.background.systemalarm.ConstraintProxy$StorageNotLowProxy"
158-->[androidx.work:work-runtime:2.10.0] AndroidManifest.xml:90:13-104
159            android:directBootAware="false"
159-->[androidx.work:work-runtime:2.10.0] AndroidManifest.xml:91:13-44
160            android:enabled="false"
160-->[androidx.work:work-runtime:2.10.0] AndroidManifest.xml:92:13-36
161            android:exported="false" >
161-->[androidx.work:work-runtime:2.10.0] AndroidManifest.xml:93:13-37
162            <intent-filter>
162-->[androidx.work:work-runtime:2.10.0] AndroidManifest.xml:95:13-98:29
163                <action android:name="android.intent.action.DEVICE_STORAGE_LOW" />
163-->[androidx.work:work-runtime:2.10.0] AndroidManifest.xml:96:17-83
163-->[androidx.work:work-runtime:2.10.0] AndroidManifest.xml:96:25-80
164                <action android:name="android.intent.action.DEVICE_STORAGE_OK" />
164-->[androidx.work:work-runtime:2.10.0] AndroidManifest.xml:97:17-82
164-->[androidx.work:work-runtime:2.10.0] AndroidManifest.xml:97:25-79
165            </intent-filter>
166        </receiver>
167        <receiver
167-->[androidx.work:work-runtime:2.10.0] AndroidManifest.xml:100:9-109:20
168            android:name="androidx.work.impl.background.systemalarm.ConstraintProxy$NetworkStateProxy"
168-->[androidx.work:work-runtime:2.10.0] AndroidManifest.xml:101:13-103
169            android:directBootAware="false"
169-->[androidx.work:work-runtime:2.10.0] AndroidManifest.xml:102:13-44
170            android:enabled="false"
170-->[androidx.work:work-runtime:2.10.0] AndroidManifest.xml:103:13-36
171            android:exported="false" >
171-->[androidx.work:work-runtime:2.10.0] AndroidManifest.xml:104:13-37
172            <intent-filter>
172-->[androidx.work:work-runtime:2.10.0] AndroidManifest.xml:106:13-108:29
173                <action android:name="android.net.conn.CONNECTIVITY_CHANGE" />
173-->[androidx.work:work-runtime:2.10.0] AndroidManifest.xml:107:17-79
173-->[androidx.work:work-runtime:2.10.0] AndroidManifest.xml:107:25-76
174            </intent-filter>
175        </receiver>
176        <receiver
176-->[androidx.work:work-runtime:2.10.0] AndroidManifest.xml:110:9-121:20
177            android:name="androidx.work.impl.background.systemalarm.RescheduleReceiver"
177-->[androidx.work:work-runtime:2.10.0] AndroidManifest.xml:111:13-88
178            android:directBootAware="false"
178-->[androidx.work:work-runtime:2.10.0] AndroidManifest.xml:112:13-44
179            android:enabled="false"
179-->[androidx.work:work-runtime:2.10.0] AndroidManifest.xml:113:13-36
180            android:exported="false" >
180-->[androidx.work:work-runtime:2.10.0] AndroidManifest.xml:114:13-37
181            <intent-filter>
181-->[androidx.work:work-runtime:2.10.0] AndroidManifest.xml:116:13-120:29
182                <action android:name="android.intent.action.BOOT_COMPLETED" />
182-->[androidx.work:work-runtime:2.10.0] AndroidManifest.xml:117:17-79
182-->[androidx.work:work-runtime:2.10.0] AndroidManifest.xml:117:25-76
183                <action android:name="android.intent.action.TIME_SET" />
183-->[androidx.work:work-runtime:2.10.0] AndroidManifest.xml:118:17-73
183-->[androidx.work:work-runtime:2.10.0] AndroidManifest.xml:118:25-70
184                <action android:name="android.intent.action.TIMEZONE_CHANGED" />
184-->[androidx.work:work-runtime:2.10.0] AndroidManifest.xml:119:17-81
184-->[androidx.work:work-runtime:2.10.0] AndroidManifest.xml:119:25-78
185            </intent-filter>
186        </receiver>
187        <receiver
187-->[androidx.work:work-runtime:2.10.0] AndroidManifest.xml:122:9-131:20
188            android:name="androidx.work.impl.background.systemalarm.ConstraintProxyUpdateReceiver"
188-->[androidx.work:work-runtime:2.10.0] AndroidManifest.xml:123:13-99
189            android:directBootAware="false"
189-->[androidx.work:work-runtime:2.10.0] AndroidManifest.xml:124:13-44
190            android:enabled="@bool/enable_system_alarm_service_default"
190-->[androidx.work:work-runtime:2.10.0] AndroidManifest.xml:125:13-72
191            android:exported="false" >
191-->[androidx.work:work-runtime:2.10.0] AndroidManifest.xml:126:13-37
192            <intent-filter>
192-->[androidx.work:work-runtime:2.10.0] AndroidManifest.xml:128:13-130:29
193                <action android:name="androidx.work.impl.background.systemalarm.UpdateProxies" />
193-->[androidx.work:work-runtime:2.10.0] AndroidManifest.xml:129:17-98
193-->[androidx.work:work-runtime:2.10.0] AndroidManifest.xml:129:25-95
194            </intent-filter>
195        </receiver>
196        <receiver
196-->[androidx.work:work-runtime:2.10.0] AndroidManifest.xml:132:9-142:20
197            android:name="androidx.work.impl.diagnostics.DiagnosticsReceiver"
197-->[androidx.work:work-runtime:2.10.0] AndroidManifest.xml:133:13-78
198            android:directBootAware="false"
198-->[androidx.work:work-runtime:2.10.0] AndroidManifest.xml:134:13-44
199            android:enabled="true"
199-->[androidx.work:work-runtime:2.10.0] AndroidManifest.xml:135:13-35
200            android:exported="true"
200-->[androidx.work:work-runtime:2.10.0] AndroidManifest.xml:136:13-36
201            android:permission="android.permission.DUMP" >
201-->[androidx.work:work-runtime:2.10.0] AndroidManifest.xml:137:13-57
202            <intent-filter>
202-->[androidx.work:work-runtime:2.10.0] AndroidManifest.xml:139:13-141:29
203                <action android:name="androidx.work.diagnostics.REQUEST_DIAGNOSTICS" />
203-->[androidx.work:work-runtime:2.10.0] AndroidManifest.xml:140:17-88
203-->[androidx.work:work-runtime:2.10.0] AndroidManifest.xml:140:25-85
204            </intent-filter>
205        </receiver>
206
207        <service
207-->[androidx.core:core-remoteviews:1.1.0] AndroidManifest.xml:24:9-27:63
208            android:name="androidx.core.widget.RemoteViewsCompatService"
208-->[androidx.core:core-remoteviews:1.1.0] AndroidManifest.xml:25:13-73
209            android:permission="android.permission.BIND_REMOTEVIEWS" />
209-->[androidx.core:core-remoteviews:1.1.0] AndroidManifest.xml:26:13-69
210
211        <activity
211-->[androidx.compose.ui:ui-tooling-android:1.7.6] AndroidManifest.xml:23:9-25:39
212            android:name="androidx.compose.ui.tooling.PreviewActivity"
212-->[androidx.compose.ui:ui-tooling-android:1.7.6] AndroidManifest.xml:24:13-71
213            android:exported="true" />
213-->[androidx.compose.ui:ui-tooling-android:1.7.6] AndroidManifest.xml:25:13-36
214
215        <service
215-->[androidx.room:room-runtime:2.6.1] AndroidManifest.xml:24:9-28:63
216            android:name="androidx.room.MultiInstanceInvalidationService"
216-->[androidx.room:room-runtime:2.6.1] AndroidManifest.xml:25:13-74
217            android:directBootAware="true"
217-->[androidx.room:room-runtime:2.6.1] AndroidManifest.xml:26:13-43
218            android:exported="false" />
218-->[androidx.room:room-runtime:2.6.1] AndroidManifest.xml:27:13-37
219
220        <receiver
220-->[androidx.profileinstaller:profileinstaller:1.4.1] AndroidManifest.xml:34:9-52:20
221            android:name="androidx.profileinstaller.ProfileInstallReceiver"
221-->[androidx.profileinstaller:profileinstaller:1.4.1] AndroidManifest.xml:35:13-76
222            android:directBootAware="false"
222-->[androidx.profileinstaller:profileinstaller:1.4.1] AndroidManifest.xml:36:13-44
223            android:enabled="true"
223-->[androidx.profileinstaller:profileinstaller:1.4.1] AndroidManifest.xml:37:13-35
224            android:exported="true"
224-->[androidx.profileinstaller:profileinstaller:1.4.1] AndroidManifest.xml:38:13-36
225            android:permission="android.permission.DUMP" >
225-->[androidx.profileinstaller:profileinstaller:1.4.1] AndroidManifest.xml:39:13-57
226            <intent-filter>
226-->[androidx.profileinstaller:profileinstaller:1.4.1] AndroidManifest.xml:40:13-42:29
227                <action android:name="androidx.profileinstaller.action.INSTALL_PROFILE" />
227-->[androidx.profileinstaller:profileinstaller:1.4.1] AndroidManifest.xml:41:17-91
227-->[androidx.profileinstaller:profileinstaller:1.4.1] AndroidManifest.xml:41:25-88
228            </intent-filter>
229            <intent-filter>
229-->[androidx.profileinstaller:profileinstaller:1.4.1] AndroidManifest.xml:43:13-45:29
230                <action android:name="androidx.profileinstaller.action.SKIP_FILE" />
230-->[androidx.profileinstaller:profileinstaller:1.4.1] AndroidManifest.xml:44:17-85
230-->[androidx.profileinstaller:profileinstaller:1.4.1] AndroidManifest.xml:44:25-82
231            </intent-filter>
232            <intent-filter>
232-->[androidx.profileinstaller:profileinstaller:1.4.1] AndroidManifest.xml:46:13-48:29
233                <action android:name="androidx.profileinstaller.action.SAVE_PROFILE" />
233-->[androidx.profileinstaller:profileinstaller:1.4.1] AndroidManifest.xml:47:17-88
233-->[androidx.profileinstaller:profileinstaller:1.4.1] AndroidManifest.xml:47:25-85
234            </intent-filter>
235            <intent-filter>
235-->[androidx.profileinstaller:profileinstaller:1.4.1] AndroidManifest.xml:49:13-51:29
236                <action android:name="androidx.profileinstaller.action.BENCHMARK_OPERATION" />
236-->[androidx.profileinstaller:profileinstaller:1.4.1] AndroidManifest.xml:50:17-95
236-->[androidx.profileinstaller:profileinstaller:1.4.1] AndroidManifest.xml:50:25-92
237            </intent-filter>
238        </receiver>
239    </application>
240
241</manifest>